<?xml version="1.0" encoding="UTF-8"?>
<!-- Generated by org.testng.reporters.JUnitReportReporter -->
<testsuite hostname="LAPTOP-V1ADODCJ" failures="0" tests="1" name="practice_tsestng.pr1" time="81.902" errors="1" timestamp="2023-02-04T23:32:06 IST" skipped="0">
  <testcase classname="practice_tsestng.pr1" name="orangehrm" time="81.902">
    <error message="session not created
from target frame detached
  (Session info: MicrosoftEdge=109.0.1518.78)
Build info: version: &#039;3.141.59&#039;, revision: &#039;e82be7d358&#039;, time: &#039;2018-11-14T08:17:03&#039;
System info: host: &#039;LAPTOP-V1ADODCJ&#039;, ip: &#039;192.168.29.165&#039;, os.name: &#039;Windows 11&#039;, os.arch: &#039;amd64&#039;, os.version: &#039;10.0&#039;, java.version: &#039;11.0.16&#039;
Driver info: driver.version: EdgeDriver
remote stacktrace: Backtrace:
	Microsoft::Applications::Events::EventProperties::SetProperty [0x00007FF6D3A516C2+15186]
	Microsoft::Applications::Events::EventProperty::EventProperty [0x00007FF6D39EA212+827554]
	(No symbol) [0x00007FF6D36AEBF3]
	(No symbol) [0x00007FF6D369AC78]
	(No symbol) [0x00007FF6D36995B3]
	(No symbol) [0x00007FF6D3699F03]
	(No symbol) [0x00007FF6D36BCBFA]
	(No symbol) [0x00007FF6D36B243E]
	(No symbol) [0x00007FF6D36B1D96]
	(No symbol) [0x00007FF6D36B2A54]
	(No symbol) [0x00007FF6D36B2F00]
	(No symbol) [0x00007FF6D371B225]
	(No symbol) [0x00007FF6D3711D23]
	(No symbol) [0x00007FF6D36E3B80]
	(No symbol) [0x00007FF6D36E2B0E]
	(No symbol) [0x00007FF6D36E4344]
	Microsoft::Applications::Events::EventProperties::SetProperty [0x00007FF6D38CC3B0+182752]
	(No symbol) [0x00007FF6D37A0095]
	Microsoft::Applications::Events::EventProperty::EventProperty [0x00007FF6D392A6EA+42362]
	Microsoft::Applications::Events::EventProperty::EventProperty [0x00007FF6D392D425+53941]
	Microsoft::Applications::Events::ILogManager::DispatchEventBroadcast [0x00007FF6D3C48AB3+1456595]
	Microsoft::Applications::Events::EventProperty::EventProperty [0x00007FF6D39F276A+861690]
	Microsoft::Applications::Events::EventProperty::EventProperty [0x00007FF6D39F7854+882404]
	Microsoft::Applications::Events::EventProperty::EventProperty [0x00007FF6D39F79AC+882748]
	Microsoft::Applications::Events::EventProperty::EventProperty [0x00007FF6D3A0097E+919566]
	BaseThreadInitThunk [0x00007FFCA13226BD+29]
	RtlUserThreadStart [0x00007FFCA20CDFB8+40]
" type="org.openqa.selenium.SessionNotCreatedException">
      <![CDATA[org.openqa.selenium.SessionNotCreatedException: session not created
from target frame detached
  (Session info: MicrosoftEdge=109.0.1518.78)
Build info: version: '3.141.59', revision: 'e82be7d358', time: '2018-11-14T08:17:03'
System info: host: 'LAPTOP-V1ADODCJ', ip: '192.168.29.165', os.name: 'Windows 11', os.arch: 'amd64', os.version: '10.0', java.version: '11.0.16'
Driver info: driver.version: EdgeDriver
remote stacktrace: Backtrace:
Microsoft::Applications::Events::EventProperties::SetProperty [0x00007FF6D3A516C2+15186]
Microsoft::Applications::Events::EventProperty::EventProperty [0x00007FF6D39EA212+827554]
(No symbol) [0x00007FF6D36AEBF3]
(No symbol) [0x00007FF6D369AC78]
(No symbol) [0x00007FF6D36995B3]
(No symbol) [0x00007FF6D3699F03]
(No symbol) [0x00007FF6D36BCBFA]
(No symbol) [0x00007FF6D36B243E]
(No symbol) [0x00007FF6D36B1D96]
(No symbol) [0x00007FF6D36B2A54]
(No symbol) [0x00007FF6D36B2F00]
(No symbol) [0x00007FF6D371B225]
(No symbol) [0x00007FF6D3711D23]
(No symbol) [0x00007FF6D36E3B80]
(No symbol) [0x00007FF6D36E2B0E]
(No symbol) [0x00007FF6D36E4344]
Microsoft::Applications::Events::EventProperties::SetProperty [0x00007FF6D38CC3B0+182752]
(No symbol) [0x00007FF6D37A0095]
Microsoft::Applications::Events::EventProperty::EventProperty [0x00007FF6D392A6EA+42362]
Microsoft::Applications::Events::EventProperty::EventProperty [0x00007FF6D392D425+53941]
Microsoft::Applications::Events::ILogManager::DispatchEventBroadcast [0x00007FF6D3C48AB3+1456595]
Microsoft::Applications::Events::EventProperty::EventProperty [0x00007FF6D39F276A+861690]
Microsoft::Applications::Events::EventProperty::EventProperty [0x00007FF6D39F7854+882404]
Microsoft::Applications::Events::EventProperty::EventProperty [0x00007FF6D39F79AC+882748]
Microsoft::Applications::Events::EventProperty::EventProperty [0x00007FF6D3A0097E+919566]
BaseThreadInitThunk [0x00007FFCA13226BD+29]
RtlUserThreadStart [0x00007FFCA20CDFB8+40]

at java.base/jdk.internal.reflect.NativeConstructorAccessorImpl.newInstance0(Native Method)
at java.base/jdk.internal.reflect.NativeConstructorAccessorImpl.newInstance(NativeConstructorAccessorImpl.java:62)
at java.base/jdk.internal.reflect.DelegatingConstructorAccessorImpl.newInstance(DelegatingConstructorAccessorImpl.java:45)
at java.base/java.lang.reflect.Constructor.newInstance(Constructor.java:490)
at org.openqa.selenium.remote.W3CHandshakeResponse.lambda$errorHandler$0(W3CHandshakeResponse.java:62)
at org.openqa.selenium.remote.HandshakeResponse.lambda$getResponseFunction$0(HandshakeResponse.java:30)
at org.openqa.selenium.remote.ProtocolHandshake.lambda$createSession$0(ProtocolHandshake.java:126)
at java.base/java.util.stream.ReferencePipeline$3$1.accept(ReferencePipeline.java:195)
at java.base/java.util.Spliterators$ArraySpliterator.tryAdvance(Spliterators.java:958)
at java.base/java.util.stream.ReferencePipeline.forEachWithCancel(ReferencePipeline.java:127)
at java.base/java.util.stream.AbstractPipeline.copyIntoWithCancel(AbstractPipeline.java:502)
at java.base/java.util.stream.AbstractPipeline.copyInto(AbstractPipeline.java:488)
at java.base/java.util.stream.AbstractPipeline.wrapAndCopyInto(AbstractPipeline.java:474)
at java.base/java.util.stream.FindOps$FindOp.evaluateSequential(FindOps.java:150)
at java.base/java.util.stream.AbstractPipeline.evaluate(AbstractPipeline.java:234)
at java.base/java.util.stream.ReferencePipeline.findFirst(ReferencePipeline.java:543)
at org.openqa.selenium.remote.ProtocolHandshake.createSession(ProtocolHandshake.java:128)
at org.openqa.selenium.remote.ProtocolHandshake.createSession(ProtocolHandshake.java:74)
at org.openqa.selenium.remote.HttpCommandExecutor.execute(HttpCommandExecutor.java:136)
at org.openqa.selenium.remote.service.DriverCommandExecutor.execute(DriverCommandExecutor.java:83)
at org.openqa.selenium.remote.RemoteWebDriver.execute(RemoteWebDriver.java:552)
at org.openqa.selenium.remote.RemoteWebDriver.startSession(RemoteWebDriver.java:213)
at org.openqa.selenium.remote.RemoteWebDriver.<init>(RemoteWebDriver.java:131)
at org.openqa.selenium.edge.EdgeDriver.<init>(EdgeDriver.java:141)
at org.openqa.selenium.edge.EdgeDriver.<init>(EdgeDriver.java:96)
at practice_tsestng.pr1.orangehrm(pr1.java:14)
at java.base/jdk.internal.reflect.NativeMethodAccessorImpl.invoke0(Native Method)
at java.base/jdk.internal.reflect.NativeMethodAccessorImpl.invoke(NativeMethodAccessorImpl.java:62)
at java.base/jdk.internal.reflect.DelegatingMethodAccessorImpl.invoke(DelegatingMethodAccessorImpl.java:43)
at java.base/java.lang.reflect.Method.invoke(Method.java:566)
at org.testng.internal.invokers.MethodInvocationHelper.invokeMethod(MethodInvocationHelper.java:139)
at org.testng.internal.invokers.TestInvoker.invokeMethod(TestInvoker.java:677)
at org.testng.internal.invokers.TestInvoker.invokeTestMethod(TestInvoker.java:221)
at org.testng.internal.invokers.MethodRunner.runInSequence(MethodRunner.java:50)
at org.testng.internal.invokers.TestInvoker$MethodInvocationAgent.invoke(TestInvoker.java:969)
at org.testng.internal.invokers.TestInvoker.invokeTestMethods(TestInvoker.java:194)
at org.testng.internal.invokers.TestMethodWorker.invokeTestMethods(TestMethodWorker.java:148)
at org.testng.internal.invokers.TestMethodWorker.run(TestMethodWorker.java:128)
at java.base/java.util.ArrayList.forEach(ArrayList.java:1541)
at org.testng.TestRunner.privateRun(TestRunner.java:829)
at org.testng.TestRunner.run(TestRunner.java:602)
at org.testng.SuiteRunner.runTest(SuiteRunner.java:437)
at org.testng.SuiteRunner.runSequentially(SuiteRunner.java:431)
at org.testng.SuiteRunner.privateRun(SuiteRunner.java:391)
at org.testng.SuiteRunner.run(SuiteRunner.java:330)
at org.testng.SuiteRunnerWorker.runSuite(SuiteRunnerWorker.java:52)
at org.testng.SuiteRunnerWorker.run(SuiteRunnerWorker.java:95)
at org.testng.TestNG.runSuitesSequentially(TestNG.java:1256)
at org.testng.TestNG.runSuitesLocally(TestNG.java:1176)
at org.testng.TestNG.runSuites(TestNG.java:1099)
at org.testng.TestNG.run(TestNG.java:1067)
at org.testng.remote.AbstractRemoteTestNG.run(AbstractRemoteTestNG.java:115)
at org.testng.remote.RemoteTestNG.initAndRun(RemoteTestNG.java:251)
at org.testng.remote.RemoteTestNG.main(RemoteTestNG.java:77)
]]>
    </error>
  </testcase> <!-- orangehrm -->
  <system-out/>
</testsuite> <!-- practice_tsestng.pr1 -->
